[0mCompiling "resources/public/js/compiled/app.js" from ["src/cljs"]...[0m
[32mSuccessfully compiled "resources/public/js/compiled/app.js" in 0.283 seconds.[0m
notifying browser that file changed:  resources/public/js/compiled/out/goog/deps.js
notifying browser that file changed:  resources/public/js/compiled/out/cljs_deps.js
notifying browser that file changed:  out/testing_reagent/core.js
[0mCompiling "resources/public/js/compiled/app.js" from ["src/cljs"]...[0m
[32mSuccessfully compiled "resources/public/js/compiled/app.js" in 0.201 seconds.[0m
notifying browser that file changed:  resources/public/js/compiled/out/cljs_deps.js
notifying browser that file changed:  out/testing_reagent/core.js
[0mCompiling "resources/public/js/compiled/app.js" from ["src/cljs"]...[0m
[36m----  Compiler Warning on   src/cljs/testing_reagent/core.cljs   line:35  column:20  ----[0m

  [1mUse of undeclared Var testing-reagent.core/page[0m

  [36m31[0m  [36m    (println "dev mode")[0m
  [36m32[0m  [36m    ))[0m
  [36m33[0m  [36m[0m
  [36m34[0m  [36m(defn reload [][0m
  [33m35[0m  [1m  (reagent/render [page app-state][0m
  [0m  [0m  [33m                   ^--- Use of undeclared Var testing-reagent.core/page[0m
  [36m36[0m  [36m                  (.getElementById js/document "app")))[0m
  [36m37[0m  [36m[0m
  [36m38[0m  [36m(defn ^:export main [][0m
  [36m39[0m  [36m  (dev-setup)[0m
  [36m40[0m  [36m  (reload))[0m

[36m----  Compiler Warning : Please see src/cljs/testing_reagent/core.cljs  ----[0m
[32mSuccessfully compiled "resources/public/js/compiled/app.js" in 0.306 seconds.[0m
notifying browser that file changed:  resources/public/js/compiled/out/cljs_deps.js
notifying browser that file changed:  out/testing_reagent/core.js
[0mCompiling "resources/public/js/compiled/app.js" from ["src/cljs"]...[0m
[32mSuccessfully compiled "resources/public/js/compiled/app.js" in 0.226 seconds.[0m
notifying browser that file changed:  resources/public/js/compiled/out/cljs_deps.js
notifying browser that file changed:  out/testing_reagent/core.js
[0mCompiling "resources/public/js/compiled/app.js" from ["src/cljs"]...[0m
[32mSuccessfully compiled "resources/public/js/compiled/app.js" in 0.604 seconds.[0m
notifying browser that file changed:  resources/public/js/compiled/out/cljs_deps.js
notifying browser that file changed:  out/testing_reagent/core.js
[0mCompiling "resources/public/js/compiled/app.js" from ["src/cljs"]...[0m
[32mSuccessfully compiled "resources/public/js/compiled/app.js" in 0.112 seconds.[0m
notifying browser that file changed:  resources/public/js/compiled/out/cljs_deps.js
notifying browser that file changed:  out/testing_reagent/core.js
[0mCompiling "resources/public/js/compiled/app.js" from ["src/cljs"]...[0m
[32mSuccessfully compiled "resources/public/js/compiled/app.js" in 0.116 seconds.[0m
notifying browser that file changed:  resources/public/js/compiled/out/cljs_deps.js
notifying browser that file changed:  out/testing_reagent/core.js
[0mCompiling "resources/public/js/compiled/app.js" from ["src/cljs"]...[0m
[32mSuccessfully compiled "resources/public/js/compiled/app.js" in 0.146 seconds.[0m
notifying browser that file changed:  resources/public/js/compiled/out/cljs_deps.js
notifying browser that file changed:  out/testing_reagent/core.js
[0mCompiling "resources/public/js/compiled/app.js" from ["src/cljs"]...[0m
[32mSuccessfully compiled "resources/public/js/compiled/app.js" in 0.194 seconds.[0m
notifying browser that file changed:  resources/public/js/compiled/out/cljs_deps.js
notifying browser that file changed:  out/testing_reagent/core.js
[0mCompiling "resources/public/js/compiled/app.js" from ["src/cljs"]...[0m
[32mSuccessfully compiled "resources/public/js/compiled/app.js" in 0.132 seconds.[0m
notifying browser that file changed:  resources/public/js/compiled/out/cljs_deps.js
notifying browser that file changed:  out/testing_reagent/core.js
[0mCompiling "resources/public/js/compiled/app.js" from ["src/cljs"]...[0m
[32mSuccessfully compiled "resources/public/js/compiled/app.js" in 0.175 seconds.[0m
notifying browser that file changed:  resources/public/js/compiled/out/goog/deps.js
notifying browser that file changed:  resources/public/js/compiled/out/cljs_deps.js
notifying browser that file changed:  out/testing_reagent/core.js
[0mCompiling "resources/public/js/compiled/app.js" from ["src/cljs"]...[0m
[31mFailed to compile "resources/public/js/compiled/app.js" in 0.109 seconds.[0m
[36m----  Could not Read  src/cljs/testing_reagent/core.cljs   line:10  column:79  ----[0m

  [1mMap literal must contain an even number of forms[0m

  [36m 8[0m  [36m(defonce app-state (atom [0m
  [36m 9[0m  [36m                      {:counters {1 {:id 1 :name "Build App" :count 0}}[0m
  [33m10[0m  [1m                                 {2 {:id 2 :name "Break Something" :count 0}}}))[0m
  [0m  [0m  [33m                                                                              ^--- Map literal must contain an even number of forms[0m
  [36m11[0m  [36m[0m
  [36m12[0m  [36m(defn hello-world [][0m
  [36m13[0m  [36m  [:div[0m

[36m----  Reader Error : Please see src/cljs/testing_reagent/core.cljs  ----[0m
[0mCompiling "resources/public/js/compiled/app.js" from ["src/cljs"]...[0m
[31mFailed to compile "resources/public/js/compiled/app.js" in 0.109 seconds.[0m
[36m----  Could not Read  src/cljs/testing_reagent/core.cljs   line:10  column:79  ----[0m

  [1mMap literal must contain an even number of forms[0m

  [36m 8[0m  [36m(defonce app-state (atom [0m
  [36m 9[0m  [36m                      {:counters {1 {:id 1 :name "Build App" :count 0}}[0m
  [33m10[0m  [1m                                 {2 {:id 2 :name "Break Something" :count 0}}}))[0m
  [0m  [0m  [33m                                                                              ^--- Map literal must contain an even number of forms[0m
  [36m11[0m  [36m[0m
  [36m12[0m  [36m(defn increment-counter [c][0m
  [36m13[0m  [36m  (swap! app-state update-in [:counters (:id c) :count] inc))[0m

[36m----  Reader Error : Please see src/cljs/testing_reagent/core.cljs  ----[0m
[0mCompiling "resources/public/js/compiled/app.js" from ["src/cljs"]...[0m
[31mFailed to compile "resources/public/js/compiled/app.js" in 0.105 seconds.[0m
[36m----  Could not Read  src/cljs/testing_reagent/core.cljs   line:10  column:79  ----[0m

  [1mMap literal must contain an even number of forms[0m

  [36m 8[0m  [36m(defonce app-state (atom [0m
  [36m 9[0m  [36m                      {:counters {1 {:id 1 :name "Build App" :count 0}}[0m
  [33m10[0m  [1m                                 {2 {:id 2 :name "Break Something" :count 0}}}))[0m
  [0m  [0m  [33m                                                                              ^--- Map literal must contain an even number of forms[0m
  [36m11[0m  [36m[0m
  [36m12[0m  [36m(defn increment-counter [c][0m
  [36m13[0m  [36m  (swap! app-state update-in [:counters (:id c) :count] inc))[0m

[36m----  Reader Error : Please see src/cljs/testing_reagent/core.cljs  ----[0m
[0mCompiling "resources/public/js/compiled/app.js" from ["src/cljs"]...[0m
[31mFailed to compile "resources/public/js/compiled/app.js" in 0.176 seconds.[0m
[36m----  Could not Read  src/cljs/testing_reagent/core.cljs   line:26  column:22  ----[0m

  [1mMetadata must be Symbol, Keyword, String or Map[0m

  [36m24[0m  [36m    [:h1 "Chore tracking"][0m
  [36m25[0m  [36m    (for [c (vals (:counters @app-state))][0m
  [33m26[0m  [1m      ^[:key (:id c)][0m
  [0m  [0m  [33m                     ^--- Metadata must be Symbol, Keyword, String or Map[0m
  [36m27[0m  [36m      [counter-view c])])[0m
  [36m28[0m  [36m[0m
  [36m29[0m  [36m(reagent/render-component [hello-world][0m

[36m----  Reader Error : Please see src/cljs/testing_reagent/core.cljs  ----[0m
[0mCompiling "resources/public/js/compiled/app.js" from ["src/cljs"]...[0m
[32mSuccessfully compiled "resources/public/js/compiled/app.js" in 0.155 seconds.[0m
notifying browser that file changed:  resources/public/js/compiled/out/cljs_deps.js
notifying browser that file changed:  out/testing_reagent/core.js
[0mCompiling "resources/public/js/compiled/app.js" from ["src/cljs"]...[0m
[31mFailed to compile "resources/public/js/compiled/app.js" in 0.105 seconds.[0m
[36m----  Could not Analyze  src/cljs/testing_reagent/core.cljs   line:25  column:5  ----[0m

  [1mWrong number of args (3) passed to: core/for[0m

  [36m23[0m  [36m[:div[0m
  [36m24[0m  [36m  [:h1 "Chore tracking"][0m
  [33m25[0m  [1m  (for [c (vals (:counters @app-state))][0m
  [0m  [0m  [33m  ^--- Wrong number of args (3) passed to: core/for[0m
  [36m26[0m  [36m    [:key (:id c)][0m
  [36m27[0m  [36m    [counter-view c])])[0m

[36m----  Analysis Error : Please see src/cljs/testing_reagent/core.cljs  ----[0m
[0mCompiling "resources/public/js/compiled/app.js" from ["src/cljs"]...[0m
[32mSuccessfully compiled "resources/public/js/compiled/app.js" in 0.139 seconds.[0m
notifying browser that file changed:  resources/public/js/compiled/out/cljs_deps.js
notifying browser that file changed:  out/testing_reagent/core.js
[0mCompiling "resources/public/js/compiled/app.js" from ["src/cljs"]...[0m
[31mFailed to compile "resources/public/js/compiled/app.js" in 0.099 seconds.[0m
[36m----  Could not Read  src/cljs/testing_reagent/core.cljs   line:26  column:22  ----[0m

  [1mMetadata must be Symbol, Keyword, String or Map[0m

  [36m24[0m  [36m    [:h1 "Chore tracking"][0m
  [36m25[0m  [36m    (for [c (vals (:counters @app-state))][0m
  [33m26[0m  [1m      ^[:key (:id c)][0m
  [0m  [0m  [33m                     ^--- Metadata must be Symbol, Keyword, String or Map[0m
  [36m27[0m  [36m      [counter-view c])])[0m
  [36m28[0m  [36m[0m
  [36m29[0m  [36m(reagent/render-component [hello-world][0m

[36m----  Reader Error : Please see src/cljs/testing_reagent/core.cljs  ----[0m
Figwheel: Can't open  ("src/cljs/testing_reagent/core.cljs" 26 22) No :open-file-command supplied in the config.
Figwheel: Can't open  ("src/cljs/testing_reagent/core.cljs" 26 22) No :open-file-command supplied in the config.
[0mCompiling "resources/public/js/compiled/app.js" from ["src/cljs"]...[0m
[32mSuccessfully compiled "resources/public/js/compiled/app.js" in 0.221 seconds.[0m
notifying browser that file changed:  resources/public/js/compiled/out/cljs_deps.js
notifying browser that file changed:  out/testing_reagent/core.js
[0mCompiling "resources/public/js/compiled/app.js" from ["src/cljs"]...[0m
[32mSuccessfully compiled "resources/public/js/compiled/app.js" in 0.149 seconds.[0m
notifying browser that file changed:  resources/public/js/compiled/out/cljs_deps.js
notifying browser that file changed:  out/testing_reagent/core.js
[0mCompiling "resources/public/js/compiled/app.js" from ["src/cljs"]...[0m
[32mSuccessfully compiled "resources/public/js/compiled/app.js" in 0.137 seconds.[0m
notifying browser that file changed:  resources/public/js/compiled/out/cljs_deps.js
notifying browser that file changed:  out/testing_reagent/core.js
[0mCompiling "resources/public/js/compiled/app.js" from ["src/cljs"]...[0m
[32mSuccessfully compiled "resources/public/js/compiled/app.js" in 0.139 seconds.[0m
notifying browser that file changed:  resources/public/js/compiled/out/cljs_deps.js
notifying browser that file changed:  out/testing_reagent/core.js
